# JRE version: OpenJDK Runtime Environment (11.0.8+10) (build 11.0.8+10-b944.6842174)
# Java VM: OpenJDK 64-Bit Server VM (11.0.8+10-b944.6842174, mixed mode, tiered, compressed oops, g1 gc, windows-amd64)
Heap:
 garbage-first heap   total 658432K, used 236544K [0x0000000080000000, 0x0000000100000000)
  region size 1024K, 8 young (8192K), 8 survivors (8192K)
 Metaspace       used 110670K, capacity 113524K, committed 118128K, reserved 1150976K
  class space    used 14354K, capacity 15403K, committed 17408K, reserved 1048576K
GC Heap History (20 events):
Event: 21.920 GC heap after
{Heap after GC invocations=29 (full 0):
 garbage-first heap   total 262144K, used 139260K [0x0000000080000000, 0x0000000100000000)
  region size 1024K, 2 young (2048K), 2 survivors (2048K)
 Metaspace       used 109488K, capacity 112665K, committed 116592K, reserved 1148928K
  class space    used 14336K, capacity 15467K, committed 17152K, reserved 1048576K
}
Event: 21.982 GC heap before
{Heap before GC invocations=29 (full 0):
 garbage-first heap   total 262144K, used 155644K [0x0000000080000000, 0x0000000100000000)
  region size 1024K, 20 young (20480K), 2 survivors (2048K)
 Metaspace       used 109670K, capacity 112869K, committed 116848K, reserved 1148928K
  class space    used 14355K, capacity 15533K, committed 17152K, reserved 1048576K
}
Event: 21.985 GC heap after
{Heap after GC invocations=30 (full 0):
 garbage-first heap   total 262144K, used 141089K [0x0000000080000000, 0x0000000100000000)
  region size 1024K, 4 young (4096K), 4 survivors (4096K)
 Metaspace       used 109670K, capacity 112869K, committed 116848K, reserved 1148928K
  class space    used 14355K, capacity 15533K, committed 17152K, reserved 1048576K
}
Event: 22.429 GC heap before
{Heap before GC invocations=31 (full 0):
 garbage-first heap   total 262144K, used 229153K [0x0000000080000000, 0x0000000100000000)
  region size 1024K, 69 young (70656K), 4 survivors (4096K)
 Metaspace       used 110289K, capacity 113204K, committed 117872K, reserved 1150976K
  class space    used 14384K, capacity 15461K, committed 17408K, reserved 1048576K
}
Event: 22.452 GC heap after
{Heap after GC invocations=32 (full 0):
 garbage-first heap   total 263168K, used 181317K [0x0000000080000000, 0x0000000100000000)
  region size 1024K, 9 young (9216K), 9 survivors (9216K)
 Metaspace       used 110289K, capacity 113204K, committed 117872K, reserved 1150976K
  class space    used 14384K, capacity 15461K, committed 17408K, reserved 1048576K
}
Event: 22.479 GC heap before
{Heap before GC invocations=32 (full 0):
 garbage-first heap   total 263168K, used 184389K [0x0000000080000000, 0x0000000100000000)
  region size 1024K, 12 young (12288K), 9 survivors (9216K)
 Metaspace       used 110346K, capacity 113275K, committed 117872K, reserved 1150976K
  class space    used 14384K, capacity 15461K, committed 17408K, reserved 1048576K
}
Event: 22.493 GC heap after
{Heap after GC invocations=33 (full 0):
 garbage-first heap   total 263168K, used 160768K [0x0000000080000000, 0x0000000100000000)
  region size 1024K, 2 young (2048K), 2 survivors (2048K)
 Metaspace       used 110346K, capacity 113275K, committed 117872K, reserved 1150976K
  class space    used 14384K, capacity 15461K, committed 17408K, reserved 1048576K
}
Event: 22.544 GC heap before
{Heap before GC invocations=33 (full 0):
 garbage-first heap   total 263168K, used 169984K [0x0000000080000000, 0x0000000100000000)
  region size 1024K, 12 young (12288K), 2 survivors (2048K)
 Metaspace       used 110357K, capacity 113275K, committed 117872K, reserved 1150976K
  class space    used 14384K, capacity 15461K, committed 17408K, reserved 1048576K
}
Event: 22.554 GC heap after
{Heap after GC invocations=34 (full 0):
 garbage-first heap   total 263168K, used 158625K [0x0000000080000000, 0x0000000100000000)
  region size 1024K, 2 young (2048K), 2 survivors (2048K)
 Metaspace       used 110357K, capacity 113275K, committed 117872K, reserved 1150976K
  class space    used 14384K, capacity 15461K, committed 17408K, reserved 1048576K
}
Event: 22.692 GC heap before
{Heap before GC invocations=34 (full 0):
 garbage-first heap   total 263168K, used 187297K [0x0000000080000000, 0x0000000100000000)
  region size 1024K, 31 young (31744K), 2 survivors (2048K)
 Metaspace       used 110372K, capacity 113276K, committed 117872K, reserved 1150976K
  class space    used 14384K, capacity 15461K, committed 17408K, reserved 1048576K
}
Event: 22.705 GC heap after
{Heap after GC invocations=35 (full 0):
 garbage-first heap   total 263168K, used 175842K [0x0000000080000000, 0x0000000100000000)
  region size 1024K, 6 young (6144K), 6 survivors (6144K)
 Metaspace       used 110372K, capacity 113276K, committed 117872K, reserved 1150976K
  class space    used 14384K, capacity 15461K, committed 17408K, reserved 1048576K
}
Event: 22.889 GC heap before
{Heap before GC invocations=35 (full 0):
 garbage-first heap   total 263168K, used 208610K [0x0000000080000000, 0x0000000100000000)
  region size 1024K, 35 young (35840K), 6 survivors (6144K)
 Metaspace       used 110368K, capacity 113260K, committed 118128K, reserved 1150976K
  class space    used 14350K, capacity 15396K, committed 17408K, reserved 1048576K
}
Event: 22.909 GC heap after
{Heap after GC invocations=36 (full 0):
 garbage-first heap   total 390144K, used 190132K [0x0000000080000000, 0x0000000100000000)
  region size 1024K, 5 young (5120K), 5 survivors (5120K)
 Metaspace       used 110368K, capacity 113260K, committed 118128K, reserved 1150976K
  class space    used 14350K, capacity 15396K, committed 17408K, reserved 1048576K
}
Event: 23.155 GC heap before
{Heap before GC invocations=37 (full 0):
 garbage-first heap   total 390144K, used 222900K [0x0000000080000000, 0x0000000100000000)
  region size 1024K, 38 young (38912K), 5 survivors (5120K)
 Metaspace       used 110458K, capacity 113331K, committed 118128K, reserved 1150976K
  class space    used 14350K, capacity 15396K, committed 17408K, reserved 1048576K
}
Event: 23.173 GC heap after
{Heap after GC invocations=38 (full 0):
 garbage-first heap   total 390144K, used 200933K [0x0000000080000000, 0x0000000100000000)
  region size 1024K, 10 young (10240K), 10 survivors (10240K)
 Metaspace       used 110458K, capacity 113331K, committed 118128K, reserved 1150976K
  class space    used 14350K, capacity 15396K, committed 17408K, reserved 1048576K
}
Event: 23.818 GC heap before
{Heap before GC invocations=39 (full 0):
 garbage-first heap   total 390144K, used 277733K [0x0000000080000000, 0x0000000100000000)
  region size 1024K, 71 young (72704K), 10 survivors (10240K)
 Metaspace       used 110554K, capacity 113432K, committed 118128K, reserved 1150976K
  class space    used 14354K, capacity 15403K, committed 17408K, reserved 1048576K
}
Event: 23.836 GC heap after
{Heap after GC invocations=40 (full 0):
 garbage-first heap   total 390144K, used 223552K [0x0000000080000000, 0x0000000100000000)
  region size 1024K, 9 young (9216K), 9 survivors (9216K)
 Metaspace       used 110554K, capacity 113432K, committed 118128K, reserved 1150976K
  class space    used 14354K, capacity 15403K, committed 17408K, reserved 1048576K
}
Event: 23.865 GC heap before
{Heap before GC invocations=40 (full 0):
 garbage-first heap   total 390144K, used 233792K [0x0000000080000000, 0x0000000100000000)
  region size 1024K, 19 young (19456K), 9 survivors (9216K)
 Metaspace       used 110567K, capacity 113434K, committed 118128K, reserved 1150976K
  class space    used 14354K, capacity 15403K, committed 17408K, reserved 1048576K
}
Event: 23.876 GC heap after
{Heap after GC invocations=41 (full 0):
 garbage-first heap   total 390144K, used 219717K [0x0000000080000000, 0x0000000100000000)
  region size 1024K, 3 young (3072K), 3 survivors (3072K)
 Metaspace       used 110567K, capacity 113434K, committed 118128K, reserved 1150976K
  class space    used 14354K, capacity 15403K, committed 17408K, reserved 1048576K
}
Event: 24.056 GC heap before
{Heap before GC invocations=41 (full 0):
 garbage-first heap   total 390144K, used 291397K [0x0000000080000000, 0x0000000100000000)
  region size 1024K, 63 young (64512K), 3 survivors (3072K)
 Metaspace       used 110670K, capacity 113524K, committed 118128K, reserved 1150976K
  class space    used 14354K, capacity 15403K, committed 17408K, reserved 1048576K
}

